2025-08-16 15:02:18 - INFO - Starting Expanding Window training with multiple trials
2025-08-16 15:02:18 - INFO - KL weight candidates: [0.0351]
2025-08-16 15:02:18 - INFO - 
=== Step 1: Initial Training and Validation ===
2025-08-16 15:02:18 - INFO - 
=== Testing KL weight: 0.0351 (index 0) ===
2025-08-16 15:02:18 - INFO - Running trial 0 for KL weight 0.0351
2025-08-16 15:02:20 - INFO - KL weight 0.0351, Trial 0, Epoch [1/200], Average Loss: 29.4462
2025-08-16 15:02:21 - INFO - KL weight 0.0351, Trial 0, Epoch [1/200], Train AUC: 0.6685, Acc: 0.6180, Logloss: 0.6712
2025-08-16 15:02:21 - INFO - KL weight 0.0351, Trial 0, Epoch [1/200], Valid AUC: 0.5863, Acc: 0.5652, Logloss: 0.6849
2025-08-16 15:02:21 - INFO - KL weight 0.0351, Trial 0, Epoch [1/200], Test AUC: 0.5742, Acc: 0.5466, Logloss: 0.6856
2025-08-16 15:02:21 - INFO - KL weight 0.0351, Trial 0, New best valid AUC at epoch 1
2025-08-16 15:02:22 - INFO - KL weight 0.0351, Trial 0, Epoch [2/200], Average Loss: 28.6116
2025-08-16 15:02:22 - INFO - KL weight 0.0351, Trial 0, Epoch [2/200], Train AUC: 0.7073, Acc: 0.6470, Logloss: 0.6529
2025-08-16 15:02:22 - INFO - KL weight 0.0351, Trial 0, Epoch [2/200], Valid AUC: 0.6253, Acc: 0.6045, Logloss: 0.6767
2025-08-16 15:02:22 - INFO - KL weight 0.0351, Trial 0, Epoch [2/200], Test AUC: 0.5928, Acc: 0.5588, Logloss: 0.6808
2025-08-16 15:02:22 - INFO - KL weight 0.0351, Trial 0, New best valid AUC at epoch 2
2025-08-16 15:02:23 - INFO - KL weight 0.0351, Trial 0, Epoch [3/200], Average Loss: 28.0477
2025-08-16 15:02:24 - INFO - KL weight 0.0351, Trial 0, Epoch [3/200], Train AUC: 0.7105, Acc: 0.6510, Logloss: 0.6441
2025-08-16 15:02:24 - INFO - KL weight 0.0351, Trial 0, Epoch [3/200], Valid AUC: 0.6266, Acc: 0.5909, Logloss: 0.6739
2025-08-16 15:02:24 - INFO - KL weight 0.0351, Trial 0, Epoch [3/200], Test AUC: 0.6235, Acc: 0.6020, Logloss: 0.6749
2025-08-16 15:02:24 - INFO - KL weight 0.0351, Trial 0, New best valid AUC at epoch 3
2025-08-16 15:02:24 - INFO - KL weight 0.0351, Trial 0, Epoch [4/200], Average Loss: 27.7341
2025-08-16 15:02:25 - INFO - KL weight 0.0351, Trial 0, Epoch [4/200], Train AUC: 0.7185, Acc: 0.6533, Logloss: 0.6362
2025-08-16 15:02:25 - INFO - KL weight 0.0351, Trial 0, Epoch [4/200], Valid AUC: 0.6299, Acc: 0.5992, Logloss: 0.6732
2025-08-16 15:02:25 - INFO - KL weight 0.0351, Trial 0, Epoch [4/200], Test AUC: 0.6248, Acc: 0.5830, Logloss: 0.6727
2025-08-16 15:02:25 - INFO - KL weight 0.0351, Trial 0, New best valid AUC at epoch 4
2025-08-16 15:02:26 - INFO - KL weight 0.0351, Trial 0, Epoch [5/200], Average Loss: 27.5782
2025-08-16 15:02:26 - INFO - KL weight 0.0351, Trial 0, Epoch [5/200], Train AUC: 0.7240, Acc: 0.6592, Logloss: 0.6309
2025-08-16 15:02:26 - INFO - KL weight 0.0351, Trial 0, Epoch [5/200], Valid AUC: 0.6149, Acc: 0.5947, Logloss: 0.6763
2025-08-16 15:02:26 - INFO - KL weight 0.0351, Trial 0, Epoch [5/200], Test AUC: 0.6299, Acc: 0.6118, Logloss: 0.6713
2025-08-16 15:02:26 - INFO - KL weight 0.0351, Trial 0, No improvement, patience: 1/5
2025-08-16 15:02:27 - INFO - KL weight 0.0351, Trial 0, Epoch [6/200], Average Loss: 27.5055
2025-08-16 15:02:27 - INFO - KL weight 0.0351, Trial 0, Epoch [6/200], Train AUC: 0.7271, Acc: 0.6605, Logloss: 0.6269
2025-08-16 15:02:28 - INFO - KL weight 0.0351, Trial 0, Epoch [6/200], Valid AUC: 0.6247, Acc: 0.6023, Logloss: 0.6739
2025-08-16 15:02:28 - INFO - KL weight 0.0351, Trial 0, Epoch [6/200], Test AUC: 0.6360, Acc: 0.5997, Logloss: 0.6675
2025-08-16 15:02:28 - INFO - KL weight 0.0351, Trial 0, No improvement, patience: 2/5
2025-08-16 15:02:28 - INFO - KL weight 0.0351, Trial 0, Epoch [7/200], Average Loss: 27.4616
2025-08-16 15:02:29 - INFO - KL weight 0.0351, Trial 0, Epoch [7/200], Train AUC: 0.7282, Acc: 0.6589, Logloss: 0.6248
2025-08-16 15:02:29 - INFO - KL weight 0.0351, Trial 0, Epoch [7/200], Valid AUC: 0.6270, Acc: 0.6045, Logloss: 0.6716
2025-08-16 15:02:29 - INFO - KL weight 0.0351, Trial 0, Epoch [7/200], Test AUC: 0.6367, Acc: 0.5989, Logloss: 0.6683
2025-08-16 15:02:29 - INFO - KL weight 0.0351, Trial 0, No improvement, patience: 3/5
2025-08-16 15:02:30 - INFO - KL weight 0.0351, Trial 0, Epoch [8/200], Average Loss: 27.3483
2025-08-16 15:02:30 - INFO - KL weight 0.0351, Trial 0, Epoch [8/200], Train AUC: 0.7296, Acc: 0.6620, Logloss: 0.6235
2025-08-16 15:02:30 - INFO - KL weight 0.0351, Trial 0, Epoch [8/200], Valid AUC: 0.6258, Acc: 0.6015, Logloss: 0.6732
2025-08-16 15:02:30 - INFO - KL weight 0.0351, Trial 0, Epoch [8/200], Test AUC: 0.6264, Acc: 0.5936, Logloss: 0.6704
2025-08-16 15:02:30 - INFO - KL weight 0.0351, Trial 0, No improvement, patience: 4/5
2025-08-16 15:02:31 - INFO - KL weight 0.0351, Trial 0, Epoch [9/200], Average Loss: 27.3000
2025-08-16 15:02:32 - INFO - KL weight 0.0351, Trial 0, Epoch [9/200], Train AUC: 0.7312, Acc: 0.6666, Logloss: 0.6226
2025-08-16 15:02:32 - INFO - KL weight 0.0351, Trial 0, Epoch [9/200], Valid AUC: 0.6331, Acc: 0.6114, Logloss: 0.6701
2025-08-16 15:02:32 - INFO - KL weight 0.0351, Trial 0, Epoch [9/200], Test AUC: 0.6357, Acc: 0.6035, Logloss: 0.6679
2025-08-16 15:02:32 - INFO - KL weight 0.0351, Trial 0, New best valid AUC at epoch 9
2025-08-16 15:02:32 - INFO - KL weight 0.0351, Trial 0, Epoch [10/200], Average Loss: 27.2890
2025-08-16 15:02:33 - INFO - KL weight 0.0351, Trial 0, Epoch [10/200], Train AUC: 0.7327, Acc: 0.6658, Logloss: 0.6213
2025-08-16 15:02:33 - INFO - KL weight 0.0351, Trial 0, Epoch [10/200], Valid AUC: 0.6318, Acc: 0.6091, Logloss: 0.6703
2025-08-16 15:02:33 - INFO - KL weight 0.0351, Trial 0, Epoch [10/200], Test AUC: 0.6337, Acc: 0.6020, Logloss: 0.6673
2025-08-16 15:02:33 - INFO - KL weight 0.0351, Trial 0, No improvement, patience: 1/5
2025-08-16 15:02:34 - INFO - KL weight 0.0351, Trial 0, Epoch [11/200], Average Loss: 27.3087
2025-08-16 15:02:34 - INFO - KL weight 0.0351, Trial 0, Epoch [11/200], Train AUC: 0.7313, Acc: 0.6637, Logloss: 0.6215
2025-08-16 15:02:34 - INFO - KL weight 0.0351, Trial 0, Epoch [11/200], Valid AUC: 0.6348, Acc: 0.6152, Logloss: 0.6702
2025-08-16 15:02:34 - INFO - KL weight 0.0351, Trial 0, Epoch [11/200], Test AUC: 0.6337, Acc: 0.5989, Logloss: 0.6680
2025-08-16 15:02:34 - INFO - KL weight 0.0351, Trial 0, New best valid AUC at epoch 11
2025-08-16 15:02:35 - INFO - KL weight 0.0351, Trial 0, Epoch [12/200], Average Loss: 27.2610
2025-08-16 15:02:36 - INFO - KL weight 0.0351, Trial 0, Epoch [12/200], Train AUC: 0.7315, Acc: 0.6635, Logloss: 0.6213
2025-08-16 15:02:36 - INFO - KL weight 0.0351, Trial 0, Epoch [12/200], Valid AUC: 0.6319, Acc: 0.6045, Logloss: 0.6707
2025-08-16 15:02:36 - INFO - KL weight 0.0351, Trial 0, Epoch [12/200], Test AUC: 0.6411, Acc: 0.6088, Logloss: 0.6654
2025-08-16 15:02:36 - INFO - KL weight 0.0351, Trial 0, No improvement, patience: 1/5
2025-08-16 15:02:37 - INFO - KL weight 0.0351, Trial 0, Epoch [13/200], Average Loss: 27.2774
2025-08-16 15:02:37 - INFO - KL weight 0.0351, Trial 0, Epoch [13/200], Train AUC: 0.7355, Acc: 0.6659, Logloss: 0.6190
2025-08-16 15:02:37 - INFO - KL weight 0.0351, Trial 0, Epoch [13/200], Valid AUC: 0.6306, Acc: 0.6008, Logloss: 0.6714
2025-08-16 15:02:37 - INFO - KL weight 0.0351, Trial 0, Epoch [13/200], Test AUC: 0.6403, Acc: 0.6164, Logloss: 0.6651
2025-08-16 15:02:37 - INFO - KL weight 0.0351, Trial 0, No improvement, patience: 2/5
2025-08-16 15:02:38 - INFO - KL weight 0.0351, Trial 0, Epoch [14/200], Average Loss: 27.2912
2025-08-16 15:02:38 - INFO - KL weight 0.0351, Trial 0, Epoch [14/200], Train AUC: 0.7329, Acc: 0.6656, Logloss: 0.6201
2025-08-16 15:02:38 - INFO - KL weight 0.0351, Trial 0, Epoch [14/200], Valid AUC: 0.6420, Acc: 0.6091, Logloss: 0.6665
2025-08-16 15:02:38 - INFO - KL weight 0.0351, Trial 0, Epoch [14/200], Test AUC: 0.6361, Acc: 0.6027, Logloss: 0.6670
2025-08-16 15:02:38 - INFO - KL weight 0.0351, Trial 0, New best valid AUC at epoch 14
2025-08-16 15:02:39 - INFO - KL weight 0.0351, Trial 0, Epoch [15/200], Average Loss: 27.2869
2025-08-16 15:02:40 - INFO - KL weight 0.0351, Trial 0, Epoch [15/200], Train AUC: 0.7328, Acc: 0.6622, Logloss: 0.6196
2025-08-16 15:02:40 - INFO - KL weight 0.0351, Trial 0, Epoch [15/200], Valid AUC: 0.6345, Acc: 0.6000, Logloss: 0.6694
2025-08-16 15:02:40 - INFO - KL weight 0.0351, Trial 0, Epoch [15/200], Test AUC: 0.6330, Acc: 0.5989, Logloss: 0.6672
2025-08-16 15:02:40 - INFO - KL weight 0.0351, Trial 0, No improvement, patience: 1/5
2025-08-16 15:02:41 - INFO - KL weight 0.0351, Trial 0, Epoch [16/200], Average Loss: 27.2710
2025-08-16 15:02:41 - INFO - KL weight 0.0351, Trial 0, Epoch [16/200], Train AUC: 0.7331, Acc: 0.6647, Logloss: 0.6190
2025-08-16 15:02:41 - INFO - KL weight 0.0351, Trial 0, Epoch [16/200], Valid AUC: 0.6339, Acc: 0.6159, Logloss: 0.6690
2025-08-16 15:02:41 - INFO - KL weight 0.0351, Trial 0, Epoch [16/200], Test AUC: 0.6396, Acc: 0.5989, Logloss: 0.6648
2025-08-16 15:02:41 - INFO - KL weight 0.0351, Trial 0, No improvement, patience: 2/5
2025-08-16 15:02:42 - INFO - KL weight 0.0351, Trial 0, Epoch [17/200], Average Loss: 27.2394
2025-08-16 15:02:43 - INFO - KL weight 0.0351, Trial 0, Epoch [17/200], Train AUC: 0.7325, Acc: 0.6645, Logloss: 0.6196
2025-08-16 15:02:43 - INFO - KL weight 0.0351, Trial 0, Epoch [17/200], Valid AUC: 0.6252, Acc: 0.6023, Logloss: 0.6729
2025-08-16 15:02:43 - INFO - KL weight 0.0351, Trial 0, Epoch [17/200], Test AUC: 0.6439, Acc: 0.5989, Logloss: 0.6633
2025-08-16 15:02:43 - INFO - KL weight 0.0351, Trial 0, No improvement, patience: 3/5
2025-08-16 15:02:44 - INFO - KL weight 0.0351, Trial 0, Epoch [18/200], Average Loss: 27.2320
2025-08-16 15:02:44 - INFO - KL weight 0.0351, Trial 0, Epoch [18/200], Train AUC: 0.7332, Acc: 0.6649, Logloss: 0.6187
2025-08-16 15:02:44 - INFO - KL weight 0.0351, Trial 0, Epoch [18/200], Valid AUC: 0.6392, Acc: 0.6083, Logloss: 0.6682
2025-08-16 15:02:44 - INFO - KL weight 0.0351, Trial 0, Epoch [18/200], Test AUC: 0.6476, Acc: 0.6027, Logloss: 0.6629
2025-08-16 15:02:44 - INFO - KL weight 0.0351, Trial 0, No improvement, patience: 4/5
2025-08-16 15:02:45 - INFO - KL weight 0.0351, Trial 0, Epoch [19/200], Average Loss: 27.2182
2025-08-16 15:02:45 - INFO - KL weight 0.0351, Trial 0, Epoch [19/200], Train AUC: 0.7343, Acc: 0.6642, Logloss: 0.6185
2025-08-16 15:02:45 - INFO - KL weight 0.0351, Trial 0, Epoch [19/200], Valid AUC: 0.6277, Acc: 0.6091, Logloss: 0.6713
2025-08-16 15:02:46 - INFO - KL weight 0.0351, Trial 0, Epoch [19/200], Test AUC: 0.6307, Acc: 0.6012, Logloss: 0.6693
2025-08-16 15:02:46 - INFO - KL weight 0.0351, Trial 0, No improvement, patience: 5/5
2025-08-16 15:02:46 - INFO - KL weight 0.0351, Trial 0, Early stopping at epoch 19
2025-08-16 15:02:46 - INFO - Saved stage1 player skills to ../output/BaS\player_skills_stage1_kl0.0351_2025-08-16_15-02-18.csv
2025-08-16 15:02:46 - INFO - KL weight 0.0351, Average AUC: 0.6420, Average Logloss: 0.6670, AUCs: [np.float64(0.6419612355033939)]
2025-08-16 15:02:46 - INFO - 
=== Step 1 Results ===
2025-08-16 15:02:46 - INFO - Best KL weight: 0.0351
2025-08-16 15:02:46 - INFO - Best average validation AUC: 0.6420, Average Logloss: 0.6670
2025-08-16 15:02:46 - INFO - 
=== Step 1: Top 10 Players by Skill (mu) ===
2025-08-16 15:02:46 - INFO - Player ID 132 - Games: 82, Wins: 44, Win Rate: 53.66%, Skill mu: 1.0743, Sigma: 0.6347
2025-08-16 15:02:46 - INFO - Player ID 1 - Games: 93, Wins: 44, Win Rate: 47.31%, Skill mu: 0.9451, Sigma: 0.6451
2025-08-16 15:02:46 - INFO - Player ID 355 - Games: 360, Wins: 158, Win Rate: 43.89%, Skill mu: 0.8844, Sigma: 0.6405
2025-08-16 15:02:46 - INFO - Player ID 480 - Games: 21, Wins: 3, Win Rate: 14.29%, Skill mu: 0.7635, Sigma: 0.6587
2025-08-16 15:02:46 - INFO - Player ID 582 - Games: 86, Wins: 36, Win Rate: 41.86%, Skill mu: 0.7528, Sigma: 0.6667
2025-08-16 15:02:46 - INFO - Player ID 510 - Games: 322, Wins: 137, Win Rate: 42.55%, Skill mu: 0.7494, Sigma: 0.6468
2025-08-16 15:02:46 - INFO - Player ID 490 - Games: 1, Wins: 0, Win Rate: 0.00%, Skill mu: 0.7200, Sigma: 0.6953
2025-08-16 15:02:46 - INFO - Player ID 438 - Games: 469, Wins: 216, Win Rate: 46.06%, Skill mu: 0.6865, Sigma: 0.6428
2025-08-16 15:02:46 - INFO - Player ID 81 - Games: 382, Wins: 176, Win Rate: 46.07%, Skill mu: 0.6640, Sigma: 0.6782
2025-08-16 15:02:46 - INFO - Player ID 673 - Games: 408, Wins: 181, Win Rate: 44.36%, Skill mu: 0.5873, Sigma: 0.7007
2025-08-16 15:02:46 - INFO - 
=== Step 2: Expanding Training Set and Re-training ===
2025-08-16 15:02:46 - INFO - Re-training with best KL weight 0.0351
2025-08-16 15:02:46 - INFO - Running trial 0 for expanded training set
2025-08-16 15:02:47 - INFO - KL weight 0.0351, Trial 0, Epoch [1/200], Average Loss: 29.4391
2025-08-16 15:02:48 - INFO - KL weight 0.0351, Trial 0, Epoch [1/200], Train AUC: 0.6754, Acc: 0.6237, Logloss: 0.6696
2025-08-16 15:02:48 - INFO - KL weight 0.0351, Trial 0, Epoch [1/200], Test AUC: 0.5876, Acc: 0.5618, Logloss: 0.6837
2025-08-16 15:02:48 - INFO - KL weight 0.0351, Trial 0, New best test AUC at epoch 1
2025-08-16 15:02:48 - INFO - Saved sigma tracking data to ../output/BaS\sigma_tracking_stage2_best_trial_2025-08-16_15-02-18.csv
2025-08-16 15:02:49 - INFO - KL weight 0.0351, Trial 0, Epoch [2/200], Average Loss: 28.6005
2025-08-16 15:02:50 - INFO - KL weight 0.0351, Trial 0, Epoch [2/200], Train AUC: 0.7013, Acc: 0.6452, Logloss: 0.6545
2025-08-16 15:02:50 - INFO - KL weight 0.0351, Trial 0, Epoch [2/200], Test AUC: 0.6212, Acc: 0.5853, Logloss: 0.6750
2025-08-16 15:02:50 - INFO - KL weight 0.0351, Trial 0, New best test AUC at epoch 2
2025-08-16 15:02:50 - INFO - Saved sigma tracking data to ../output/BaS\sigma_tracking_stage2_best_trial_2025-08-16_15-02-18.csv
2025-08-16 15:02:51 - INFO - KL weight 0.0351, Trial 0, Epoch [3/200], Average Loss: 28.0365
2025-08-16 15:02:52 - INFO - KL weight 0.0351, Trial 0, Epoch [3/200], Train AUC: 0.7129, Acc: 0.6522, Logloss: 0.6436
2025-08-16 15:02:52 - INFO - KL weight 0.0351, Trial 0, Epoch [3/200], Test AUC: 0.6506, Acc: 0.6164, Logloss: 0.6656
2025-08-16 15:02:52 - INFO - KL weight 0.0351, Trial 0, New best test AUC at epoch 3
2025-08-16 15:02:52 - INFO - Saved sigma tracking data to ../output/BaS\sigma_tracking_stage2_best_trial_2025-08-16_15-02-18.csv
2025-08-16 15:02:53 - INFO - KL weight 0.0351, Trial 0, Epoch [4/200], Average Loss: 27.8318
2025-08-16 15:02:54 - INFO - KL weight 0.0351, Trial 0, Epoch [4/200], Train AUC: 0.7159, Acc: 0.6539, Logloss: 0.6375
2025-08-16 15:02:54 - INFO - KL weight 0.0351, Trial 0, Epoch [4/200], Test AUC: 0.6417, Acc: 0.6096, Logloss: 0.6654
2025-08-16 15:02:54 - INFO - KL weight 0.0351, Trial 0, No improvement, patience: 1/5
2025-08-16 15:02:56 - INFO - KL weight 0.0351, Trial 0, Epoch [5/200], Average Loss: 27.6236
2025-08-16 15:02:57 - INFO - KL weight 0.0351, Trial 0, Epoch [5/200], Train AUC: 0.7204, Acc: 0.6572, Logloss: 0.6328
2025-08-16 15:02:57 - INFO - KL weight 0.0351, Trial 0, Epoch [5/200], Test AUC: 0.6560, Acc: 0.6050, Logloss: 0.6607
2025-08-16 15:02:57 - INFO - KL weight 0.0351, Trial 0, New best test AUC at epoch 5
2025-08-16 15:02:57 - INFO - Saved sigma tracking data to ../output/BaS\sigma_tracking_stage2_best_trial_2025-08-16_15-02-18.csv
2025-08-16 15:02:59 - INFO - KL weight 0.0351, Trial 0, Epoch [6/200], Average Loss: 27.5807
2025-08-16 15:03:00 - INFO - KL weight 0.0351, Trial 0, Epoch [6/200], Train AUC: 0.7205, Acc: 0.6566, Logloss: 0.6306
2025-08-16 15:03:00 - INFO - KL weight 0.0351, Trial 0, Epoch [6/200], Test AUC: 0.6567, Acc: 0.6202, Logloss: 0.6585
2025-08-16 15:03:00 - INFO - KL weight 0.0351, Trial 0, New best test AUC at epoch 6
2025-08-16 15:03:00 - INFO - Saved sigma tracking data to ../output/BaS\sigma_tracking_stage2_best_trial_2025-08-16_15-02-18.csv
2025-08-16 15:03:02 - INFO - KL weight 0.0351, Trial 0, Epoch [7/200], Average Loss: 27.5219
2025-08-16 15:03:03 - INFO - KL weight 0.0351, Trial 0, Epoch [7/200], Train AUC: 0.7244, Acc: 0.6591, Logloss: 0.6280
2025-08-16 15:03:03 - INFO - KL weight 0.0351, Trial 0, Epoch [7/200], Test AUC: 0.6599, Acc: 0.6247, Logloss: 0.6574
2025-08-16 15:03:03 - INFO - KL weight 0.0351, Trial 0, New best test AUC at epoch 7
2025-08-16 15:03:03 - INFO - Saved sigma tracking data to ../output/BaS\sigma_tracking_stage2_best_trial_2025-08-16_15-02-18.csv
2025-08-16 15:03:05 - INFO - KL weight 0.0351, Trial 0, Epoch [8/200], Average Loss: 27.4689
2025-08-16 15:03:06 - INFO - KL weight 0.0351, Trial 0, Epoch [8/200], Train AUC: 0.7262, Acc: 0.6579, Logloss: 0.6259
2025-08-16 15:03:06 - INFO - KL weight 0.0351, Trial 0, Epoch [8/200], Test AUC: 0.6607, Acc: 0.6285, Logloss: 0.6560
2025-08-16 15:03:06 - INFO - KL weight 0.0351, Trial 0, New best test AUC at epoch 8
2025-08-16 15:03:06 - INFO - Saved sigma tracking data to ../output/BaS\sigma_tracking_stage2_best_trial_2025-08-16_15-02-18.csv
2025-08-16 15:03:08 - INFO - KL weight 0.0351, Trial 0, Epoch [9/200], Average Loss: 27.4526
2025-08-16 15:03:09 - INFO - KL weight 0.0351, Trial 0, Epoch [9/200], Train AUC: 0.7263, Acc: 0.6600, Logloss: 0.6252
2025-08-16 15:03:09 - INFO - KL weight 0.0351, Trial 0, Epoch [9/200], Test AUC: 0.6579, Acc: 0.6179, Logloss: 0.6569
2025-08-16 15:03:09 - INFO - KL weight 0.0351, Trial 0, No improvement, patience: 1/5
2025-08-16 15:03:11 - INFO - KL weight 0.0351, Trial 0, Epoch [10/200], Average Loss: 27.4249
2025-08-16 15:03:12 - INFO - KL weight 0.0351, Trial 0, Epoch [10/200], Train AUC: 0.7263, Acc: 0.6604, Logloss: 0.6245
2025-08-16 15:03:12 - INFO - KL weight 0.0351, Trial 0, Epoch [10/200], Test AUC: 0.6591, Acc: 0.6240, Logloss: 0.6568
2025-08-16 15:03:12 - INFO - KL weight 0.0351, Trial 0, No improvement, patience: 2/5
2025-08-16 15:03:14 - INFO - KL weight 0.0351, Trial 0, Epoch [11/200], Average Loss: 27.4138
2025-08-16 15:03:15 - INFO - KL weight 0.0351, Trial 0, Epoch [11/200], Train AUC: 0.7280, Acc: 0.6636, Logloss: 0.6234
2025-08-16 15:03:15 - INFO - KL weight 0.0351, Trial 0, Epoch [11/200], Test AUC: 0.6675, Acc: 0.6277, Logloss: 0.6533
2025-08-16 15:03:15 - INFO - KL weight 0.0351, Trial 0, New best test AUC at epoch 11
2025-08-16 15:03:15 - INFO - Saved sigma tracking data to ../output/BaS\sigma_tracking_stage2_best_trial_2025-08-16_15-02-18.csv
2025-08-16 15:03:17 - INFO - KL weight 0.0351, Trial 0, Epoch [12/200], Average Loss: 27.3817
2025-08-16 15:03:18 - INFO - KL weight 0.0351, Trial 0, Epoch [12/200], Train AUC: 0.7283, Acc: 0.6593, Logloss: 0.6230
2025-08-16 15:03:18 - INFO - KL weight 0.0351, Trial 0, Epoch [12/200], Test AUC: 0.6658, Acc: 0.6255, Logloss: 0.6533
2025-08-16 15:03:18 - INFO - KL weight 0.0351, Trial 0, No improvement, patience: 1/5
2025-08-16 15:03:20 - INFO - KL weight 0.0351, Trial 0, Epoch [13/200], Average Loss: 27.4215
2025-08-16 15:03:21 - INFO - KL weight 0.0351, Trial 0, Epoch [13/200], Train AUC: 0.7308, Acc: 0.6648, Logloss: 0.6217
2025-08-16 15:03:21 - INFO - KL weight 0.0351, Trial 0, Epoch [13/200], Test AUC: 0.6658, Acc: 0.6202, Logloss: 0.6543
2025-08-16 15:03:21 - INFO - KL weight 0.0351, Trial 0, No improvement, patience: 2/5
2025-08-16 15:03:23 - INFO - KL weight 0.0351, Trial 0, Epoch [14/200], Average Loss: 27.4109
2025-08-16 15:03:24 - INFO - KL weight 0.0351, Trial 0, Epoch [14/200], Train AUC: 0.7293, Acc: 0.6635, Logloss: 0.6223
2025-08-16 15:03:24 - INFO - KL weight 0.0351, Trial 0, Epoch [14/200], Test AUC: 0.6669, Acc: 0.6247, Logloss: 0.6524
2025-08-16 15:03:24 - INFO - KL weight 0.0351, Trial 0, No improvement, patience: 3/5
2025-08-16 15:03:26 - INFO - KL weight 0.0351, Trial 0, Epoch [15/200], Average Loss: 27.3654
2025-08-16 15:03:27 - INFO - KL weight 0.0351, Trial 0, Epoch [15/200], Train AUC: 0.7299, Acc: 0.6602, Logloss: 0.6218
2025-08-16 15:03:27 - INFO - KL weight 0.0351, Trial 0, Epoch [15/200], Test AUC: 0.6685, Acc: 0.6270, Logloss: 0.6523
2025-08-16 15:03:27 - INFO - KL weight 0.0351, Trial 0, New best test AUC at epoch 15
2025-08-16 15:03:27 - INFO - Saved sigma tracking data to ../output/BaS\sigma_tracking_stage2_best_trial_2025-08-16_15-02-18.csv
2025-08-16 15:03:29 - INFO - KL weight 0.0351, Trial 0, Epoch [16/200], Average Loss: 27.3385
2025-08-16 15:03:30 - INFO - KL weight 0.0351, Trial 0, Epoch [16/200], Train AUC: 0.7306, Acc: 0.6628, Logloss: 0.6211
2025-08-16 15:03:30 - INFO - KL weight 0.0351, Trial 0, Epoch [16/200], Test AUC: 0.6708, Acc: 0.6194, Logloss: 0.6506
2025-08-16 15:03:30 - INFO - KL weight 0.0351, Trial 0, New best test AUC at epoch 16
2025-08-16 15:03:31 - INFO - Saved sigma tracking data to ../output/BaS\sigma_tracking_stage2_best_trial_2025-08-16_15-02-18.csv
2025-08-16 15:03:33 - INFO - KL weight 0.0351, Trial 0, Epoch [17/200], Average Loss: 27.3449
2025-08-16 15:03:34 - INFO - KL weight 0.0351, Trial 0, Epoch [17/200], Train AUC: 0.7294, Acc: 0.6618, Logloss: 0.6216
2025-08-16 15:03:34 - INFO - KL weight 0.0351, Trial 0, Epoch [17/200], Test AUC: 0.6680, Acc: 0.6262, Logloss: 0.6523
2025-08-16 15:03:34 - INFO - KL weight 0.0351, Trial 0, No improvement, patience: 1/5
2025-08-16 15:03:36 - INFO - KL weight 0.0351, Trial 0, Epoch [18/200], Average Loss: 27.3768
2025-08-16 15:03:37 - INFO - KL weight 0.0351, Trial 0, Epoch [18/200], Train AUC: 0.7297, Acc: 0.6650, Logloss: 0.6214
2025-08-16 15:03:37 - INFO - KL weight 0.0351, Trial 0, Epoch [18/200], Test AUC: 0.6703, Acc: 0.6315, Logloss: 0.6527
2025-08-16 15:03:37 - INFO - KL weight 0.0351, Trial 0, No improvement, patience: 2/5
2025-08-16 15:03:39 - INFO - KL weight 0.0351, Trial 0, Epoch [19/200], Average Loss: 27.3303
2025-08-16 15:03:40 - INFO - KL weight 0.0351, Trial 0, Epoch [19/200], Train AUC: 0.7311, Acc: 0.6662, Logloss: 0.6209
2025-08-16 15:03:40 - INFO - KL weight 0.0351, Trial 0, Epoch [19/200], Test AUC: 0.6643, Acc: 0.6315, Logloss: 0.6548
2025-08-16 15:03:40 - INFO - KL weight 0.0351, Trial 0, No improvement, patience: 3/5
2025-08-16 15:03:42 - INFO - KL weight 0.0351, Trial 0, Epoch [20/200], Average Loss: 27.2968
2025-08-16 15:03:43 - INFO - KL weight 0.0351, Trial 0, Epoch [20/200], Train AUC: 0.7303, Acc: 0.6650, Logloss: 0.6214
2025-08-16 15:03:43 - INFO - KL weight 0.0351, Trial 0, Epoch [20/200], Test AUC: 0.6687, Acc: 0.6209, Logloss: 0.6509
2025-08-16 15:03:43 - INFO - KL weight 0.0351, Trial 0, No improvement, patience: 4/5
2025-08-16 15:03:45 - INFO - KL weight 0.0351, Trial 0, Epoch [21/200], Average Loss: 27.3105
2025-08-16 15:03:46 - INFO - KL weight 0.0351, Trial 0, Epoch [21/200], Train AUC: 0.7313, Acc: 0.6649, Logloss: 0.6206
2025-08-16 15:03:46 - INFO - KL weight 0.0351, Trial 0, Epoch [21/200], Test AUC: 0.6649, Acc: 0.6247, Logloss: 0.6547
2025-08-16 15:03:46 - INFO - KL weight 0.0351, Trial 0, No improvement, patience: 5/5
2025-08-16 15:03:46 - INFO - KL weight 0.0351, Trial 0, Early stopping at epoch 21
2025-08-16 15:03:46 - INFO - Saved stage2 player skills to ../output/BaS\player_skills_stage2_kl0.0351_2025-08-16_15-02-18.csv
2025-08-16 15:03:46 - INFO - Saved average test preds and labels to ../output/BaS\test_avg_preds_labels_kl0.0351_2025-08-16_15-02-18.csv
2025-08-16 15:03:46 - INFO - 
=== Step 2 Results ===
2025-08-16 15:03:46 - INFO - Average Test AUC: 0.6708, Average Test Logloss: 0.6506
2025-08-16 15:03:46 - INFO - 
=== Creating Skills Summary ===
2025-08-16 15:03:46 - INFO - Saved combined player skills to ../output/BaS\all_player_skills_combined_2025-08-16_15-02-18.csv
2025-08-16 15:03:46 - INFO - 
=== Final Results ===
2025-08-16 15:03:46 - INFO - Train Average AUC: 0.7306, Avg Acc: 0.6628, Avg Logloss: 0.6211
2025-08-16 15:03:46 - INFO - Test Average AUC: 0.6708, Avg Acc: 0.6194, Avg Logloss: 0.6506
2025-08-16 15:03:46 - INFO - All players skill mean (mu): -0.0101, average uncertainty (sigma): 0.9392
2025-08-16 15:03:47 - INFO - Player statistics saved to ../output/BaS\player_stats_2025-08-16_15-02-18.csv
2025-08-16 15:03:47 - INFO - Player IDs in player_games: min=0, max=1150
2025-08-16 15:03:47 - INFO - Top 10 players statistics:
2025-08-16 15:03:47 - INFO - Player ID 132 - Games: 862, Wins: 582, Win Rate: 67.52%, Skill mu: 1.1321, Sigma: 0.6477
2025-08-16 15:03:47 - INFO - Player ID 1 - Games: 973, Wins: 636, Win Rate: 65.36%, Skill mu: 1.0259, Sigma: 0.6579
2025-08-16 15:03:47 - INFO - Player ID 355 - Games: 920, Wins: 641, Win Rate: 69.67%, Skill mu: 0.9081, Sigma: 0.6544
2025-08-16 15:03:47 - INFO - Player ID 81 - Games: 806, Wins: 555, Win Rate: 68.86%, Skill mu: 0.8037, Sigma: 0.6808
2025-08-16 15:03:47 - INFO - Player ID 438 - Games: 974, Wins: 613, Win Rate: 62.94%, Skill mu: 0.8032, Sigma: 0.6738
2025-08-16 15:03:47 - INFO - Player ID 490 - Games: 753, Wins: 531, Win Rate: 70.52%, Skill mu: 0.7988, Sigma: 0.6993
2025-08-16 15:03:47 - INFO - Player ID 510 - Games: 813, Wins: 570, Win Rate: 70.11%, Skill mu: 0.7654, Sigma: 0.6691
2025-08-16 15:03:47 - INFO - Player ID 582 - Games: 803, Wins: 553, Win Rate: 68.87%, Skill mu: 0.7094, Sigma: 0.6811
2025-08-16 15:03:47 - INFO - Player ID 480 - Games: 872, Wins: 605, Win Rate: 69.38%, Skill mu: 0.7030, Sigma: 0.6871
2025-08-16 15:03:47 - INFO - Player ID 623 - Games: 806, Wins: 480, Win Rate: 59.55%, Skill mu: 0.6941, Sigma: 0.6897
2025-08-16 15:03:47 - INFO - Spearman's Rank Correlation Coefficient between win rate and skill mu: 0.6555, p-value: 0.0000
2025-08-16 15:03:47 - INFO - 
=== Skills Files Summary ===
2025-08-16 15:03:47 - INFO - Generated skill files:
2025-08-16 15:03:47 - INFO - Stage 1 (KL=0.0351): ../output/BaS\player_skills_stage1_kl0.0351_2025-08-16_15-02-18.csv
2025-08-16 15:03:47 - INFO - Stage 2: ../output/BaS\player_skills_stage2_kl0.0351_2025-08-16_15-02-18.csv
2025-08-16 15:03:47 - INFO - Combined: ../output/BaS\all_player_skills_combined_2025-08-16_15-02-18.csv
